
> sanduta.art@0.1.0 build
> next build

   ▲ Next.js 15.5.9
   - Environments: .env.production, .env
   - Experiments (use with caution):
     · optimizePackageImports

   Creating an optimized production build ...
Failed to compile.

./src/app/account/orders/[id]/page.tsx
Error:   [31mx[0m Unterminated regexp literal
     ,-[[36;1;4m/workspaces/sanduta.art/src/app/account/orders/[id]/page.tsx[0m:353:1]
 [2m350[0m |           </div>
 [2m351[0m |         </div>
 [2m352[0m |       </div>
 [2m353[0m |     </div>
     : [35;1m     ^^^^^[0m
 [2m354[0m |   );
 [2m355[0m | }
     `----

Caused by:
    Syntax Error

Import trace for requested module:
./src/app/account/orders/[id]/page.tsx


> Build failed because of webpack errors
